# JRE version: OpenJDK Runtime Environment Temurin-17.0.8.1+1 (17.0.8.1+1) (build 17.0.8.1+1)
# Java VM: OpenJDK 64-Bit Server VM Temurin-17.0.8.1+1 (17.0.8.1+1, mixed mode, tiered, compressed oops, compressed class ptrs, parallel gc, bsd-amd64)
GC Precious Log:
 CPUs: 12 total, 12 available
 Memory: 32768M
 Large Page Support: Disabled
 NUMA Support: Disabled
 Compressed Oops: Enabled (Zero based)
 Alignments: Space 512K, Generation 512K, Heap 2M
 Heap Min Capacity: 100M
 Heap Initial Capacity: 100M
 Heap Max Capacity: 1G
 Pre-touch: Disabled
 Parallel Workers: 10
Heap:
 PSYoungGen      total 8192K, used 6318K [0x00000007eab00000, 0x00000007eb480000, 0x0000000800000000)
  eden space 6656K, 74% used [0x00000007eab00000,0x00000007eafd7888,0x00000007eb180000)
  from space 1536K, 88% used [0x00000007eb180000,0x00000007eb2d4010,0x00000007eb300000)
  to   space 1536K, 0% used [0x00000007eb300000,0x00000007eb300000,0x00000007eb480000)
 ParOldGen       total 119296K, used 87755K [0x00000007c0000000, 0x00000007c7480000, 0x00000007eab00000)
  object space 119296K, 73% used [0x00000007c0000000,0x00000007c55b2d88,0x00000007c7480000)
 Metaspace       used 70267K, committed 71424K, reserved 1114112K
  class space    used 7558K, committed 8064K, reserved 1048576K
GC Heap History (20 events):
Event: 52.823 GC heap before
{Heap before GC invocations=49 (full 5):
 PSYoungGen      total 12800K, used 12789K [0x00000007eab00000, 0x00000007ebd80000, 0x0000000800000000)
  eden space 9728K, 100% used [0x00000007eab00000,0x00000007eb480000,0x00000007eb480000)
  from space 3072K, 99% used [0x00000007eb580000,0x00000007eb87d610,0x00000007eb880000)
  to   space 4608K, 0% used [0x00000007eb900000,0x00000007eb900000,0x00000007ebd80000)
 ParOldGen       total 119296K, used 82896K [0x00000007c0000000, 0x00000007c7480000, 0x00000007eab00000)
  object space 119296K, 69% used [0x00000007c0000000,0x00000007c50f4160,0x00000007c7480000)
 Metaspace       used 67216K, committed 68288K, reserved 1114112K
  class space    used 7235K, committed 7680K, reserved 1048576K
}
Event: 52.825 GC heap after
{Heap after GC invocations=49 (full 5):
 PSYoungGen      total 13824K, used 3915K [0x00000007eab00000, 0x00000007ebd00000, 0x0000000800000000)
  eden space 9728K, 0% used [0x00000007eab00000,0x00000007eab00000,0x00000007eb480000)
  from space 4096K, 95% used [0x00000007eb900000,0x00000007ebcd2f00,0x00000007ebd00000)
  to   space 4096K, 0% used [0x00000007eb500000,0x00000007eb500000,0x00000007eb900000)
 ParOldGen       total 119296K, used 83440K [0x00000007c0000000, 0x00000007c7480000, 0x00000007eab00000)
  object space 119296K, 69% used [0x00000007c0000000,0x00000007c517c160,0x00000007c7480000)
 Metaspace       used 67216K, committed 68288K, reserved 1114112K
  class space    used 7235K, committed 7680K, reserved 1048576K
}
Event: 57.026 GC heap before
{Heap before GC invocations=50 (full 5):
 PSYoungGen      total 13824K, used 13636K [0x00000007eab00000, 0x00000007ebd00000, 0x0000000800000000)
  eden space 9728K, 99% used [0x00000007eab00000,0x00000007eb47e470,0x00000007eb480000)
  from space 4096K, 95% used [0x00000007eb900000,0x00000007ebcd2f00,0x00000007ebd00000)
  to   space 4096K, 0% used [0x00000007eb500000,0x00000007eb500000,0x00000007eb900000)
 ParOldGen       total 119296K, used 83440K [0x00000007c0000000, 0x00000007c7480000, 0x00000007eab00000)
  object space 119296K, 69% used [0x00000007c0000000,0x00000007c517c160,0x00000007c7480000)
 Metaspace       used 67640K, committed 68736K, reserved 1114112K
  class space    used 7265K, committed 7744K, reserved 1048576K
}
Event: 57.028 GC heap after
{Heap after GC invocations=50 (full 5):
 PSYoungGen      total 10752K, used 752K [0x00000007eab00000, 0x00000007eb980000, 0x0000000800000000)
  eden space 9728K, 0% used [0x00000007eab00000,0x00000007eab00000,0x00000007eb480000)
  from space 1024K, 73% used [0x00000007eb500000,0x00000007eb5bc010,0x00000007eb600000)
  to   space 2048K, 0% used [0x00000007eb780000,0x00000007eb780000,0x00000007eb980000)
 ParOldGen       total 119296K, used 83448K [0x00000007c0000000, 0x00000007c7480000, 0x00000007eab00000)
  object space 119296K, 69% used [0x00000007c0000000,0x00000007c517e160,0x00000007c7480000)
 Metaspace       used 67640K, committed 68736K, reserved 1114112K
  class space    used 7265K, committed 7744K, reserved 1048576K
}
Event: 69.771 GC heap before
{Heap before GC invocations=51 (full 5):
 PSYoungGen      total 10752K, used 10480K [0x00000007eab00000, 0x00000007eb980000, 0x0000000800000000)
  eden space 9728K, 100% used [0x00000007eab00000,0x00000007eb480000,0x00000007eb480000)
  from space 1024K, 73% used [0x00000007eb500000,0x00000007eb5bc010,0x00000007eb600000)
  to   space 2048K, 0% used [0x00000007eb780000,0x00000007eb780000,0x00000007eb980000)
 ParOldGen       total 119296K, used 83448K [0x00000007c0000000, 0x00000007c7480000, 0x00000007eab00000)
  object space 119296K, 69% used [0x00000007c0000000,0x00000007c517e160,0x00000007c7480000)
 Metaspace       used 67898K, committed 68928K, reserved 1114112K
  class space    used 7278K, committed 7744K, reserved 1048576K
}
Event: 69.772 GC heap after
{Heap after GC invocations=51 (full 5):
 PSYoungGen      total 10752K, used 736K [0x00000007eab00000, 0x00000007eb880000, 0x0000000800000000)
  eden space 9728K, 0% used [0x00000007eab00000,0x00000007eab00000,0x00000007eb480000)
  from space 1024K, 71% used [0x00000007eb780000,0x00000007eb838000,0x00000007eb880000)
  to   space 1024K, 0% used [0x00000007eb500000,0x00000007eb500000,0x00000007eb600000)
 ParOldGen       total 119296K, used 83456K [0x00000007c0000000, 0x00000007c7480000, 0x00000007eab00000)
  object space 119296K, 69% used [0x00000007c0000000,0x00000007c5180160,0x00000007c7480000)
 Metaspace       used 67898K, committed 68928K, reserved 1114112K
  class space    used 7278K, committed 7744K, reserved 1048576K
}
Event: 69.874 GC heap before
{Heap before GC invocations=52 (full 5):
 PSYoungGen      total 10752K, used 10463K [0x00000007eab00000, 0x00000007eb880000, 0x0000000800000000)
  eden space 9728K, 99% used [0x00000007eab00000,0x00000007eb47ffe8,0x00000007eb480000)
  from space 1024K, 71% used [0x00000007eb780000,0x00000007eb838000,0x00000007eb880000)
  to   space 1024K, 0% used [0x00000007eb500000,0x00000007eb500000,0x00000007eb600000)
 ParOldGen       total 119296K, used 83456K [0x00000007c0000000, 0x00000007c7480000, 0x00000007eab00000)
  object space 119296K, 69% used [0x00000007c0000000,0x00000007c5180160,0x00000007c7480000)
 Metaspace       used 67947K, committed 68992K, reserved 1114112K
  class space    used 7286K, committed 7744K, reserved 1048576K
}
Event: 69.875 GC heap after
{Heap after GC invocations=52 (full 5):
 PSYoungGen      total 10752K, used 1012K [0x00000007eab00000, 0x00000007eb800000, 0x0000000800000000)
  eden space 9728K, 0% used [0x00000007eab00000,0x00000007eab00000,0x00000007eb480000)
  from space 1024K, 98% used [0x00000007eb500000,0x00000007eb5fd100,0x00000007eb600000)
  to   space 1536K, 0% used [0x00000007eb680000,0x00000007eb680000,0x00000007eb800000)
 ParOldGen       total 119296K, used 83704K [0x00000007c0000000, 0x00000007c7480000, 0x00000007eab00000)
  object space 119296K, 70% used [0x00000007c0000000,0x00000007c51be160,0x00000007c7480000)
 Metaspace       used 67947K, committed 68992K, reserved 1114112K
  class space    used 7286K, committed 7744K, reserved 1048576K
}
Event: 69.926 GC heap before
{Heap before GC invocations=53 (full 5):
 PSYoungGen      total 10752K, used 10740K [0x00000007eab00000, 0x00000007eb800000, 0x0000000800000000)
  eden space 9728K, 100% used [0x00000007eab00000,0x00000007eb480000,0x00000007eb480000)
  from space 1024K, 98% used [0x00000007eb500000,0x00000007eb5fd100,0x00000007eb600000)
  to   space 1536K, 0% used [0x00000007eb680000,0x00000007eb680000,0x00000007eb800000)
 ParOldGen       total 119296K, used 83704K [0x00000007c0000000, 0x00000007c7480000, 0x00000007eab00000)
  object space 119296K, 70% used [0x00000007c0000000,0x00000007c51be160,0x00000007c7480000)
 Metaspace       used 68027K, committed 69056K, reserved 1114112K
  class space    used 7294K, committed 7744K, reserved 1048576K
}
Event: 69.928 GC heap after
{Heap after GC invocations=53 (full 5):
 PSYoungGen      total 8192K, used 1510K [0x00000007eab00000, 0x00000007ebe80000, 0x0000000800000000)
  eden space 6656K, 0% used [0x00000007eab00000,0x00000007eab00000,0x00000007eb180000)
  from space 1536K, 98% used [0x00000007eb680000,0x00000007eb7f9a10,0x00000007eb800000)
  to   space 5120K, 0% used [0x00000007eb180000,0x00000007eb180000,0x00000007eb680000)
 ParOldGen       total 119296K, used 86544K [0x00000007c0000000, 0x00000007c7480000, 0x00000007eab00000)
  object space 119296K, 72% used [0x00000007c0000000,0x00000007c5484268,0x00000007c7480000)
 Metaspace       used 68027K, committed 69056K, reserved 1114112K
  class space    used 7294K, committed 7744K, reserved 1048576K
}
Event: 72.000 GC heap before
{Heap before GC invocations=54 (full 5):
 PSYoungGen      total 8192K, used 8166K [0x00000007eab00000, 0x00000007ebe80000, 0x0000000800000000)
  eden space 6656K, 100% used [0x00000007eab00000,0x00000007eb180000,0x00000007eb180000)
  from space 1536K, 98% used [0x00000007eb680000,0x00000007eb7f9a10,0x00000007eb800000)
  to   space 5120K, 0% used [0x00000007eb180000,0x00000007eb180000,0x00000007eb680000)
 ParOldGen       total 119296K, used 86544K [0x00000007c0000000, 0x00000007c7480000, 0x00000007eab00000)
  object space 119296K, 72% used [0x00000007c0000000,0x00000007c5484268,0x00000007c7480000)
 Metaspace       used 68201K, committed 69248K, reserved 1114112K
  class space    used 7300K, committed 7744K, reserved 1048576K
}
Event: 72.001 GC heap after
{Heap after GC invocations=54 (full 5):
 PSYoungGen      total 7680K, used 992K [0x00000007eab00000, 0x00000007eb700000, 0x0000000800000000)
  eden space 6656K, 0% used [0x00000007eab00000,0x00000007eab00000,0x00000007eb180000)
  from space 1024K, 96% used [0x00000007eb180000,0x00000007eb278020,0x00000007eb280000)
  to   space 2560K, 0% used [0x00000007eb480000,0x00000007eb480000,0x00000007eb700000)
 ParOldGen       total 119296K, used 86842K [0x00000007c0000000, 0x00000007c7480000, 0x00000007eab00000)
  object space 119296K, 72% used [0x00000007c0000000,0x00000007c54ceb88,0x00000007c7480000)
 Metaspace       used 68201K, committed 69248K, reserved 1114112K
  class space    used 7300K, committed 7744K, reserved 1048576K
}
Event: 72.401 GC heap before
{Heap before GC invocations=55 (full 5):
 PSYoungGen      total 7680K, used 7638K [0x00000007eab00000, 0x00000007eb700000, 0x0000000800000000)
  eden space 6656K, 99% used [0x00000007eab00000,0x00000007eb17da30,0x00000007eb180000)
  from space 1024K, 96% used [0x00000007eb180000,0x00000007eb278020,0x00000007eb280000)
  to   space 2560K, 0% used [0x00000007eb480000,0x00000007eb480000,0x00000007eb700000)
 ParOldGen       total 119296K, used 86842K [0x00000007c0000000, 0x00000007c7480000, 0x00000007eab00000)
  object space 119296K, 72% used [0x00000007c0000000,0x00000007c54ceb88,0x00000007c7480000)
 Metaspace       used 68285K, committed 69376K, reserved 1114112K
  class space    used 7302K, committed 7744K, reserved 1048576K
}
Event: 72.402 GC heap after
{Heap after GC invocations=55 (full 5):
 PSYoungGen      total 7680K, used 912K [0x00000007eab00000, 0x00000007eb580000, 0x0000000800000000)
  eden space 6656K, 0% used [0x00000007eab00000,0x00000007eab00000,0x00000007eb180000)
  from space 1024K, 89% used [0x00000007eb480000,0x00000007eb564010,0x00000007eb580000)
  to   space 1536K, 0% used [0x00000007eb280000,0x00000007eb280000,0x00000007eb400000)
 ParOldGen       total 119296K, used 86850K [0x00000007c0000000, 0x00000007c7480000, 0x00000007eab00000)
  object space 119296K, 72% used [0x00000007c0000000,0x00000007c54d0b88,0x00000007c7480000)
 Metaspace       used 68285K, committed 69376K, reserved 1114112K
  class space    used 7302K, committed 7744K, reserved 1048576K
}
Event: 76.278 GC heap before
{Heap before GC invocations=56 (full 5):
 PSYoungGen      total 7680K, used 7568K [0x00000007eab00000, 0x00000007eb580000, 0x0000000800000000)
  eden space 6656K, 100% used [0x00000007eab00000,0x00000007eb180000,0x00000007eb180000)
  from space 1024K, 89% used [0x00000007eb480000,0x00000007eb564010,0x00000007eb580000)
  to   space 1536K, 0% used [0x00000007eb280000,0x00000007eb280000,0x00000007eb400000)
 ParOldGen       total 119296K, used 86850K [0x00000007c0000000, 0x00000007c7480000, 0x00000007eab00000)
  object space 119296K, 72% used [0x00000007c0000000,0x00000007c54d0b88,0x00000007c7480000)
 Metaspace       used 68746K, committed 69824K, reserved 1114112K
  class space    used 7337K, committed 7808K, reserved 1048576K
}
Event: 76.279 GC heap after
{Heap after GC invocations=56 (full 5):
 PSYoungGen      total 8192K, used 1216K [0x00000007eab00000, 0x00000007eb500000, 0x0000000800000000)
  eden space 6656K, 0% used [0x00000007eab00000,0x00000007eab00000,0x00000007eb180000)
  from space 1536K, 79% used [0x00000007eb280000,0x00000007eb3b0020,0x00000007eb400000)
  to   space 1024K, 0% used [0x00000007eb400000,0x00000007eb400000,0x00000007eb500000)
 ParOldGen       total 119296K, used 86858K [0x00000007c0000000, 0x00000007c7480000, 0x00000007eab00000)
  object space 119296K, 72% used [0x00000007c0000000,0x00000007c54d2b88,0x00000007c7480000)
 Metaspace       used 68746K, committed 69824K, reserved 1114112K
  class space    used 7337K, committed 7808K, reserved 1048576K
}
Event: 76.584 GC heap before
{Heap before GC invocations=57 (full 5):
 PSYoungGen      total 8192K, used 7141K [0x00000007eab00000, 0x00000007eb500000, 0x0000000800000000)
  eden space 6656K, 89% used [0x00000007eab00000,0x00000007eb0c9720,0x00000007eb180000)
  from space 1536K, 79% used [0x00000007eb280000,0x00000007eb3b0020,0x00000007eb400000)
  to   space 1024K, 0% used [0x00000007eb400000,0x00000007eb400000,0x00000007eb500000)
 ParOldGen       total 119296K, used 86858K [0x00000007c0000000, 0x00000007c7480000, 0x00000007eab00000)
  object space 119296K, 72% used [0x00000007c0000000,0x00000007c54d2b88,0x00000007c7480000)
 Metaspace       used 69302K, committed 70400K, reserved 1114112K
  class space    used 7395K, committed 7872K, reserved 1048576K
}
Event: 76.585 GC heap after
{Heap after GC invocations=57 (full 5):
 PSYoungGen      total 7680K, used 1015K [0x00000007eab00000, 0x00000007eb580000, 0x0000000800000000)
  eden space 6656K, 0% used [0x00000007eab00000,0x00000007eab00000,0x00000007eb180000)
  from space 1024K, 99% used [0x00000007eb400000,0x00000007eb4fdfa8,0x00000007eb500000)
  to   space 2048K, 0% used [0x00000007eb180000,0x00000007eb180000,0x00000007eb380000)
 ParOldGen       total 119296K, used 87611K [0x00000007c0000000, 0x00000007c7480000, 0x00000007eab00000)
  object space 119296K, 73% used [0x00000007c0000000,0x00000007c558ed88,0x00000007c7480000)
 Metaspace       used 69302K, committed 70400K, reserved 1114112K
  class space    used 7395K, committed 7872K, reserved 1048576K
}
Event: 76.614 GC heap before
{Heap before GC invocations=58 (full 5):
 PSYoungGen      total 7680K, used 7671K [0x00000007eab00000, 0x00000007eb580000, 0x0000000800000000)
  eden space 6656K, 100% used [0x00000007eab00000,0x00000007eb180000,0x00000007eb180000)
  from space 1024K, 99% used [0x00000007eb400000,0x00000007eb4fdfa8,0x00000007eb500000)
  to   space 2048K, 0% used [0x00000007eb180000,0x00000007eb180000,0x00000007eb380000)
 ParOldGen       total 119296K, used 87611K [0x00000007c0000000, 0x00000007c7480000, 0x00000007eab00000)
  object space 119296K, 73% used [0x00000007c0000000,0x00000007c558ed88,0x00000007c7480000)
 Metaspace       used 69462K, committed 70528K, reserved 1114112K
  class space    used 7422K, committed 7872K, reserved 1048576K
}
Event: 76.615 GC heap after
{Heap after GC invocations=58 (full 5):
 PSYoungGen      total 8192K, used 1360K [0x00000007eab00000, 0x00000007eb480000, 0x0000000800000000)
  eden space 6656K, 0% used [0x00000007eab00000,0x00000007eab00000,0x00000007eb180000)
  from space 1536K, 88% used [0x00000007eb180000,0x00000007eb2d4010,0x00000007eb300000)
  to   space 1536K, 0% used [0x00000007eb300000,0x00000007eb300000,0x00000007eb480000)
 ParOldGen       total 119296K, used 87755K [0x00000007c0000000, 0x00000007c7480000, 0x00000007eab00000)
  object space 119296K, 73% used [0x00000007c0000000,0x00000007c55b2d88,0x00000007c7480000)
 Metaspace       used 69462K, committed 70528K, reserved 1114112K
  class space    used 7422K, committed 7872K, reserved 1048576K
}

