# JRE version: OpenJDK Runtime Environment Temurin-17.0.8.1+1 (17.0.8.1+1) (build 17.0.8.1+1)
# Java VM: OpenJDK 64-Bit Server VM Temurin-17.0.8.1+1 (17.0.8.1+1, mixed mode, tiered, compressed oops, compressed class ptrs, parallel gc, bsd-amd64)
GC Precious Log:
 CPUs: 12 total, 12 available
 Memory: 32768M
 Large Page Support: Disabled
 NUMA Support: Disabled
 Compressed Oops: Enabled (Zero based)
 Alignments: Space 512K, Generation 512K, Heap 2M
 Heap Min Capacity: 100M
 Heap Initial Capacity: 100M
 Heap Max Capacity: 1G
 Pre-touch: Disabled
 Parallel Workers: 10
Heap:
 PSYoungGen      total 27136K, used 12044K [0x00000007eab00000, 0x00000007eca00000, 0x0000000800000000)
  eden space 23552K, 37% used [0x00000007eab00000,0x00000007eb3b09f0,0x00000007ec200000)
  from space 3584K, 87% used [0x00000007ec380000,0x00000007ec692658,0x00000007ec700000)
  to   space 3072K, 0% used [0x00000007ec700000,0x00000007ec700000,0x00000007eca00000)
 ParOldGen       total 68608K, used 12987K [0x00000007c0000000, 0x00000007c4300000, 0x00000007eab00000)
  object space 68608K, 18% used [0x00000007c0000000,0x00000007c0caecb8,0x00000007c4300000)
 Metaspace       used 34529K, committed 35328K, reserved 1114112K
  class space    used 3463K, committed 3840K, reserved 1048576K
GC Heap History (20 events):
Event: 0.435 GC heap before
{Heap before GC invocations=1 (full 0):
 PSYoungGen      total 29696K, used 25600K [0x00000007eab00000, 0x00000007ecc00000, 0x0000000800000000)
  eden space 25600K, 100% used [0x00000007eab00000,0x00000007ec400000,0x00000007ec400000)
  from space 4096K, 0% used [0x00000007ec800000,0x00000007ec800000,0x00000007ecc00000)
  to   space 4096K, 0% used [0x00000007ec400000,0x00000007ec400000,0x00000007ec800000)
 ParOldGen       total 68608K, used 0K [0x00000007c0000000, 0x00000007c4300000, 0x00000007eab00000)
  object space 68608K, 0% used [0x00000007c0000000,0x00000007c0000000,0x00000007c4300000)
 Metaspace       used 11082K, committed 11136K, reserved 1114112K
  class space    used 1122K, committed 1152K, reserved 1048576K
}
Event: 0.439 GC heap after
{Heap after GC invocations=1 (full 0):
 PSYoungGen      total 29696K, used 3107K [0x00000007eab00000, 0x00000007ecc00000, 0x0000000800000000)
  eden space 25600K, 0% used [0x00000007eab00000,0x00000007eab00000,0x00000007ec400000)
  from space 4096K, 75% used [0x00000007ec400000,0x00000007ec708c28,0x00000007ec800000)
  to   space 4096K, 0% used [0x00000007ec800000,0x00000007ec800000,0x00000007ecc00000)
 ParOldGen       total 68608K, used 16K [0x00000007c0000000, 0x00000007c4300000, 0x00000007eab00000)
  object space 68608K, 0% used [0x00000007c0000000,0x00000007c0004000,0x00000007c4300000)
 Metaspace       used 11082K, committed 11136K, reserved 1114112K
  class space    used 1122K, committed 1152K, reserved 1048576K
}
Event: 0.753 GC heap before
{Heap before GC invocations=2 (full 0):
 PSYoungGen      total 29696K, used 28707K [0x00000007eab00000, 0x00000007ecc00000, 0x0000000800000000)
  eden space 25600K, 100% used [0x00000007eab00000,0x00000007ec400000,0x00000007ec400000)
  from space 4096K, 75% used [0x00000007ec400000,0x00000007ec708c28,0x00000007ec800000)
  to   space 4096K, 0% used [0x00000007ec800000,0x00000007ec800000,0x00000007ecc00000)
 ParOldGen       total 68608K, used 16K [0x00000007c0000000, 0x00000007c4300000, 0x00000007eab00000)
  object space 68608K, 0% used [0x00000007c0000000,0x00000007c0004000,0x00000007c4300000)
 Metaspace       used 14882K, committed 15104K, reserved 1114112K
  class space    used 1523K, committed 1600K, reserved 1048576K
}
Event: 0.758 GC heap after
{Heap after GC invocations=2 (full 0):
 PSYoungGen      total 29696K, used 4072K [0x00000007eab00000, 0x00000007ecc00000, 0x0000000800000000)
  eden space 25600K, 0% used [0x00000007eab00000,0x00000007eab00000,0x00000007ec400000)
  from space 4096K, 99% used [0x00000007ec800000,0x00000007ecbfa038,0x00000007ecc00000)
  to   space 4096K, 0% used [0x00000007ec400000,0x00000007ec400000,0x00000007ec800000)
 ParOldGen       total 68608K, used 1482K [0x00000007c0000000, 0x00000007c4300000, 0x00000007eab00000)
  object space 68608K, 2% used [0x00000007c0000000,0x00000007c0172b80,0x00000007c4300000)
 Metaspace       used 14882K, committed 15104K, reserved 1114112K
  class space    used 1523K, committed 1600K, reserved 1048576K
}
Event: 0.953 GC heap before
{Heap before GC invocations=3 (full 0):
 PSYoungGen      total 29696K, used 29672K [0x00000007eab00000, 0x00000007ecc00000, 0x0000000800000000)
  eden space 25600K, 100% used [0x00000007eab00000,0x00000007ec400000,0x00000007ec400000)
  from space 4096K, 99% used [0x00000007ec800000,0x00000007ecbfa038,0x00000007ecc00000)
  to   space 4096K, 0% used [0x00000007ec400000,0x00000007ec400000,0x00000007ec800000)
 ParOldGen       total 68608K, used 1482K [0x00000007c0000000, 0x00000007c4300000, 0x00000007eab00000)
  object space 68608K, 2% used [0x00000007c0000000,0x00000007c0172b80,0x00000007c4300000)
 Metaspace       used 17336K, committed 17600K, reserved 1114112K
  class space    used 1799K, committed 1920K, reserved 1048576K
}
Event: 0.958 GC heap after
{Heap after GC invocations=3 (full 0):
 PSYoungGen      total 29696K, used 4067K [0x00000007eab00000, 0x00000007ecc00000, 0x0000000800000000)
  eden space 25600K, 0% used [0x00000007eab00000,0x00000007eab00000,0x00000007ec400000)
  from space 4096K, 99% used [0x00000007ec400000,0x00000007ec7f8f70,0x00000007ec800000)
  to   space 4096K, 0% used [0x00000007ec800000,0x00000007ec800000,0x00000007ecc00000)
 ParOldGen       total 68608K, used 5221K [0x00000007c0000000, 0x00000007c4300000, 0x00000007eab00000)
  object space 68608K, 7% used [0x00000007c0000000,0x00000007c0519718,0x00000007c4300000)
 Metaspace       used 17336K, committed 17600K, reserved 1114112K
  class space    used 1799K, committed 1920K, reserved 1048576K
}
Event: 1.242 GC heap before
{Heap before GC invocations=4 (full 0):
 PSYoungGen      total 29696K, used 29667K [0x00000007eab00000, 0x00000007ecc00000, 0x0000000800000000)
  eden space 25600K, 100% used [0x00000007eab00000,0x00000007ec400000,0x00000007ec400000)
  from space 4096K, 99% used [0x00000007ec400000,0x00000007ec7f8f70,0x00000007ec800000)
  to   space 4096K, 0% used [0x00000007ec800000,0x00000007ec800000,0x00000007ecc00000)
 ParOldGen       total 68608K, used 5221K [0x00000007c0000000, 0x00000007c4300000, 0x00000007eab00000)
  object space 68608K, 7% used [0x00000007c0000000,0x00000007c0519718,0x00000007c4300000)
 Metaspace       used 20880K, committed 21312K, reserved 1114112K
  class space    used 2149K, committed 2304K, reserved 1048576K
}
Event: 1.245 GC heap after
{Heap after GC invocations=4 (full 0):
 PSYoungGen      total 29696K, used 4075K [0x00000007eab00000, 0x00000007ecc00000, 0x0000000800000000)
  eden space 25600K, 0% used [0x00000007eab00000,0x00000007eab00000,0x00000007ec400000)
  from space 4096K, 99% used [0x00000007ec800000,0x00000007ecbfafb8,0x00000007ecc00000)
  to   space 4096K, 0% used [0x00000007ec400000,0x00000007ec400000,0x00000007ec800000)
 ParOldGen       total 68608K, used 6361K [0x00000007c0000000, 0x00000007c4300000, 0x00000007eab00000)
  object space 68608K, 9% used [0x00000007c0000000,0x00000007c0636700,0x00000007c4300000)
 Metaspace       used 20880K, committed 21312K, reserved 1114112K
  class space    used 2149K, committed 2304K, reserved 1048576K
}
Event: 1.261 GC heap before
{Heap before GC invocations=5 (full 0):
 PSYoungGen      total 29696K, used 5928K [0x00000007eab00000, 0x00000007ecc00000, 0x0000000800000000)
  eden space 25600K, 7% used [0x00000007eab00000,0x00000007eaccf2e8,0x00000007ec400000)
  from space 4096K, 99% used [0x00000007ec800000,0x00000007ecbfafb8,0x00000007ecc00000)
  to   space 4096K, 0% used [0x00000007ec400000,0x00000007ec400000,0x00000007ec800000)
 ParOldGen       total 68608K, used 6361K [0x00000007c0000000, 0x00000007c4300000, 0x00000007eab00000)
  object space 68608K, 9% used [0x00000007c0000000,0x00000007c0636700,0x00000007c4300000)
 Metaspace       used 21103K, committed 21504K, reserved 1114112K
  class space    used 2175K, committed 2304K, reserved 1048576K
}
Event: 1.263 GC heap after
{Heap after GC invocations=5 (full 0):
 PSYoungGen      total 29696K, used 4090K [0x00000007eab00000, 0x00000007ece00000, 0x0000000800000000)
  eden space 25600K, 0% used [0x00000007eab00000,0x00000007eab00000,0x00000007ec400000)
  from space 4096K, 99% used [0x00000007ec400000,0x00000007ec7fe830,0x00000007ec800000)
  to   space 5120K, 0% used [0x00000007ec900000,0x00000007ec900000,0x00000007ece00000)
 ParOldGen       total 68608K, used 6735K [0x00000007c0000000, 0x00000007c4300000, 0x00000007eab00000)
  object space 68608K, 9% used [0x00000007c0000000,0x00000007c0693c50,0x00000007c4300000)
 Metaspace       used 21103K, committed 21504K, reserved 1114112K
  class space    used 2175K, committed 2304K, reserved 1048576K
}
Event: 1.263 GC heap before
{Heap before GC invocations=6 (full 1):
 PSYoungGen      total 29696K, used 4090K [0x00000007eab00000, 0x00000007ece00000, 0x0000000800000000)
  eden space 25600K, 0% used [0x00000007eab00000,0x00000007eab00000,0x00000007ec400000)
  from space 4096K, 99% used [0x00000007ec400000,0x00000007ec7fe830,0x00000007ec800000)
  to   space 5120K, 0% used [0x00000007ec900000,0x00000007ec900000,0x00000007ece00000)
 ParOldGen       total 68608K, used 6735K [0x00000007c0000000, 0x00000007c4300000, 0x00000007eab00000)
  object space 68608K, 9% used [0x00000007c0000000,0x00000007c0693c50,0x00000007c4300000)
 Metaspace       used 21103K, committed 21504K, reserved 1114112K
  class space    used 2175K, committed 2304K, reserved 1048576K
}
Event: 1.281 GC heap after
{Heap after GC invocations=6 (full 1):
 PSYoungGen      total 29696K, used 0K [0x00000007eab00000, 0x00000007ece00000, 0x0000000800000000)
  eden space 25600K, 0% used [0x00000007eab00000,0x00000007eab00000,0x00000007ec400000)
  from space 4096K, 0% used [0x00000007ec400000,0x00000007ec400000,0x00000007ec800000)
  to   space 5120K, 0% used [0x00000007ec900000,0x00000007ec900000,0x00000007ece00000)
 ParOldGen       total 68608K, used 10391K [0x00000007c0000000, 0x00000007c4300000, 0x00000007eab00000)
  object space 68608K, 15% used [0x00000007c0000000,0x00000007c0a25e78,0x00000007c4300000)
 Metaspace       used 21103K, committed 21504K, reserved 1114112K
  class space    used 2175K, committed 2304K, reserved 1048576K
}
Event: 1.495 GC heap before
{Heap before GC invocations=7 (full 1):
 PSYoungGen      total 29696K, used 25600K [0x00000007eab00000, 0x00000007ece00000, 0x0000000800000000)
  eden space 25600K, 100% used [0x00000007eab00000,0x00000007ec400000,0x00000007ec400000)
  from space 4096K, 0% used [0x00000007ec400000,0x00000007ec400000,0x00000007ec800000)
  to   space 5120K, 0% used [0x00000007ec900000,0x00000007ec900000,0x00000007ece00000)
 ParOldGen       total 68608K, used 10391K [0x00000007c0000000, 0x00000007c4300000, 0x00000007eab00000)
  object space 68608K, 15% used [0x00000007c0000000,0x00000007c0a25e78,0x00000007c4300000)
 Metaspace       used 24343K, committed 24896K, reserved 1114112K
  class space    used 2539K, committed 2752K, reserved 1048576K
}
Event: 1.496 GC heap after
{Heap after GC invocations=7 (full 1):
 PSYoungGen      total 27136K, used 1747K [0x00000007eab00000, 0x00000007ecb00000, 0x0000000800000000)
  eden space 25088K, 0% used [0x00000007eab00000,0x00000007eab00000,0x00000007ec380000)
  from space 2048K, 85% used [0x00000007ec900000,0x00000007ecab4e40,0x00000007ecb00000)
  to   space 3072K, 0% used [0x00000007ec500000,0x00000007ec500000,0x00000007ec800000)
 ParOldGen       total 68608K, used 10399K [0x00000007c0000000, 0x00000007c4300000, 0x00000007eab00000)
  object space 68608K, 15% used [0x00000007c0000000,0x00000007c0a27e78,0x00000007c4300000)
 Metaspace       used 24343K, committed 24896K, reserved 1114112K
  class space    used 2539K, committed 2752K, reserved 1048576K
}
Event: 1.615 GC heap before
{Heap before GC invocations=8 (full 1):
 PSYoungGen      total 27136K, used 26835K [0x00000007eab00000, 0x00000007ecb00000, 0x0000000800000000)
  eden space 25088K, 100% used [0x00000007eab00000,0x00000007ec380000,0x00000007ec380000)
  from space 2048K, 85% used [0x00000007ec900000,0x00000007ecab4e40,0x00000007ecb00000)
  to   space 3072K, 0% used [0x00000007ec500000,0x00000007ec500000,0x00000007ec800000)
 ParOldGen       total 68608K, used 10399K [0x00000007c0000000, 0x00000007c4300000, 0x00000007eab00000)
  object space 68608K, 15% used [0x00000007c0000000,0x00000007c0a27e78,0x00000007c4300000)
 Metaspace       used 26992K, committed 27648K, reserved 1114112K
  class space    used 2804K, committed 3072K, reserved 1048576K
}
Event: 1.616 GC heap after
{Heap after GC invocations=8 (full 1):
 PSYoungGen      total 27648K, used 3070K [0x00000007eab00000, 0x00000007ece00000, 0x0000000800000000)
  eden space 24576K, 0% used [0x00000007eab00000,0x00000007eab00000,0x00000007ec300000)
  from space 3072K, 99% used [0x00000007ec500000,0x00000007ec7ff9f8,0x00000007ec800000)
  to   space 5632K, 0% used [0x00000007ec880000,0x00000007ec880000,0x00000007ece00000)
 ParOldGen       total 68608K, used 11939K [0x00000007c0000000, 0x00000007c4300000, 0x00000007eab00000)
  object space 68608K, 17% used [0x00000007c0000000,0x00000007c0ba8e98,0x00000007c4300000)
 Metaspace       used 26992K, committed 27648K, reserved 1114112K
  class space    used 2804K, committed 3072K, reserved 1048576K
}
Event: 1.713 GC heap before
{Heap before GC invocations=9 (full 1):
 PSYoungGen      total 27648K, used 27646K [0x00000007eab00000, 0x00000007ece00000, 0x0000000800000000)
  eden space 24576K, 100% used [0x00000007eab00000,0x00000007ec300000,0x00000007ec300000)
  from space 3072K, 99% used [0x00000007ec500000,0x00000007ec7ff9f8,0x00000007ec800000)
  to   space 5632K, 0% used [0x00000007ec880000,0x00000007ec880000,0x00000007ece00000)
 ParOldGen       total 68608K, used 11939K [0x00000007c0000000, 0x00000007c4300000, 0x00000007eab00000)
  object space 68608K, 17% used [0x00000007c0000000,0x00000007c0ba8e98,0x00000007c4300000)
 Metaspace       used 30184K, committed 30912K, reserved 1114112K
  class space    used 3047K, committed 3328K, reserved 1048576K
}
Event: 1.715 GC heap after
{Heap after GC invocations=9 (full 1):
 PSYoungGen      total 29184K, used 4901K [0x00000007eab00000, 0x00000007ecd80000, 0x0000000800000000)
  eden space 24064K, 0% used [0x00000007eab00000,0x00000007eab00000,0x00000007ec280000)
  from space 5120K, 95% used [0x00000007ec880000,0x00000007ecd497c8,0x00000007ecd80000)
  to   space 5120K, 0% used [0x00000007ec380000,0x00000007ec380000,0x00000007ec880000)
 ParOldGen       total 68608K, used 11939K [0x00000007c0000000, 0x00000007c4300000, 0x00000007eab00000)
  object space 68608K, 17% used [0x00000007c0000000,0x00000007c0ba8e98,0x00000007c4300000)
 Metaspace       used 30184K, committed 30912K, reserved 1114112K
  class space    used 3047K, committed 3328K, reserved 1048576K
}
Event: 1.865 GC heap before
{Heap before GC invocations=10 (full 1):
 PSYoungGen      total 29184K, used 28965K [0x00000007eab00000, 0x00000007ecd80000, 0x0000000800000000)
  eden space 24064K, 100% used [0x00000007eab00000,0x00000007ec280000,0x00000007ec280000)
  from space 5120K, 95% used [0x00000007ec880000,0x00000007ecd497c8,0x00000007ecd80000)
  to   space 5120K, 0% used [0x00000007ec380000,0x00000007ec380000,0x00000007ec880000)
 ParOldGen       total 68608K, used 11939K [0x00000007c0000000, 0x00000007c4300000, 0x00000007eab00000)
  object space 68608K, 17% used [0x00000007c0000000,0x00000007c0ba8e98,0x00000007c4300000)
 Metaspace       used 33359K, committed 34048K, reserved 1114112K
  class space    used 3333K, committed 3584K, reserved 1048576K
}
Event: 1.867 GC heap after
{Heap after GC invocations=10 (full 1):
 PSYoungGen      total 27136K, used 3145K [0x00000007eab00000, 0x00000007eca00000, 0x0000000800000000)
  eden space 23552K, 0% used [0x00000007eab00000,0x00000007eab00000,0x00000007ec200000)
  from space 3584K, 87% used [0x00000007ec380000,0x00000007ec692658,0x00000007ec700000)
  to   space 3072K, 0% used [0x00000007ec700000,0x00000007ec700000,0x00000007eca00000)
 ParOldGen       total 68608K, used 12987K [0x00000007c0000000, 0x00000007c4300000, 0x00000007eab00000)
  object space 68608K, 18% used [0x00000007c0000000,0x00000007c0caecb8,0x00000007c4300000)
 Metaspace       used 33359K, committed 34048K, reserved 1114112K
  class space    used 3333K, committed 3584K, reserved 1048576K
}

