# JRE version: OpenJDK Runtime Environment Temurin-17.0.8.1+1 (17.0.8.1+1) (build 17.0.8.1+1)
# Java VM: OpenJDK 64-Bit Server VM Temurin-17.0.8.1+1 (17.0.8.1+1, mixed mode, tiered, compressed oops, compressed class ptrs, parallel gc, bsd-amd64)
GC Precious Log:
 CPUs: 12 total, 12 available
 Memory: 32768M
 Large Page Support: Disabled
 NUMA Support: Disabled
 Compressed Oops: Enabled (Zero based)
 Alignments: Space 512K, Generation 512K, Heap 2M
 Heap Min Capacity: 100M
 Heap Initial Capacity: 100M
 Heap Max Capacity: 1G
 Pre-touch: Disabled
 Parallel Workers: 10
Heap:
 PSYoungGen      total 17408K, used 2080K [0x00000007eab00000, 0x00000007ec080000, 0x0000000800000000)
  eden space 14848K, 0% used [0x00000007eab00000,0x00000007eab00000,0x00000007eb980000)
  from space 2560K, 81% used [0x00000007ebe00000,0x00000007ec008000,0x00000007ec080000)
  to   space 3072K, 0% used [0x00000007eba80000,0x00000007eba80000,0x00000007ebd80000)
 ParOldGen       total 231936K, used 229532K [0x00000007c0000000, 0x00000007ce280000, 0x00000007eab00000)
  object space 231936K, 98% used [0x00000007c0000000,0x00000007ce027340,0x00000007ce280000)
 Metaspace       used 68686K, committed 69824K, reserved 1114112K
  class space    used 7458K, committed 7936K, reserved 1048576K
GC Heap History (20 events):
Event: 9.799 GC heap after
{Heap after GC invocations=184 (full 8):
 PSYoungGen      total 14336K, used 1503K [0x00000007eab00000, 0x00000007ebb00000, 0x0000000800000000)
  eden space 10752K, 0% used [0x00000007eab00000,0x00000007eab00000,0x00000007eb580000)
  from space 3584K, 41% used [0x00000007eb580000,0x00000007eb6f7e60,0x00000007eb900000)
  to   space 2048K, 0% used [0x00000007eb900000,0x00000007eb900000,0x00000007ebb00000)
 ParOldGen       total 231936K, used 216940K [0x00000007c0000000, 0x00000007ce280000, 0x00000007eab00000)
  object space 231936K, 93% used [0x00000007c0000000,0x00000007cd3db0f0,0x00000007ce280000)
 Metaspace       used 68685K, committed 69824K, reserved 1114112K
  class space    used 7458K, committed 7936K, reserved 1048576K
}
Event: 9.818 GC heap before
{Heap before GC invocations=185 (full 8):
 PSYoungGen      total 14336K, used 12255K [0x00000007eab00000, 0x00000007ebb00000, 0x0000000800000000)
  eden space 10752K, 100% used [0x00000007eab00000,0x00000007eb580000,0x00000007eb580000)
  from space 3584K, 41% used [0x00000007eb580000,0x00000007eb6f7e60,0x00000007eb900000)
  to   space 2048K, 0% used [0x00000007eb900000,0x00000007eb900000,0x00000007ebb00000)
 ParOldGen       total 231936K, used 216940K [0x00000007c0000000, 0x00000007ce280000, 0x00000007eab00000)
  object space 231936K, 93% used [0x00000007c0000000,0x00000007cd3db0f0,0x00000007ce280000)
 Metaspace       used 68685K, committed 69824K, reserved 1114112K
  class space    used 7458K, committed 7936K, reserved 1048576K
}
Event: 9.820 GC heap after
{Heap after GC invocations=185 (full 8):
 PSYoungGen      total 13312K, used 2048K [0x00000007eab00000, 0x00000007ebd00000, 0x0000000800000000)
  eden space 11264K, 0% used [0x00000007eab00000,0x00000007eab00000,0x00000007eb600000)
  from space 2048K, 100% used [0x00000007eb900000,0x00000007ebb00000,0x00000007ebb00000)
  to   space 3072K, 0% used [0x00000007eb600000,0x00000007eb600000,0x00000007eb900000)
 ParOldGen       total 231936K, used 217588K [0x00000007c0000000, 0x00000007ce280000, 0x00000007eab00000)
  object space 231936K, 93% used [0x00000007c0000000,0x00000007cd47d0f0,0x00000007ce280000)
 Metaspace       used 68685K, committed 69824K, reserved 1114112K
  class space    used 7458K, committed 7936K, reserved 1048576K
}
Event: 9.843 GC heap before
{Heap before GC invocations=186 (full 8):
 PSYoungGen      total 13312K, used 13312K [0x00000007eab00000, 0x00000007ebd00000, 0x0000000800000000)
  eden space 11264K, 100% used [0x00000007eab00000,0x00000007eb600000,0x00000007eb600000)
  from space 2048K, 100% used [0x00000007eb900000,0x00000007ebb00000,0x00000007ebb00000)
  to   space 3072K, 0% used [0x00000007eb600000,0x00000007eb600000,0x00000007eb900000)
 ParOldGen       total 231936K, used 217588K [0x00000007c0000000, 0x00000007ce280000, 0x00000007eab00000)
  object space 231936K, 93% used [0x00000007c0000000,0x00000007cd47d0f0,0x00000007ce280000)
 Metaspace       used 68685K, committed 69824K, reserved 1114112K
  class space    used 7458K, committed 7936K, reserved 1048576K
}
Event: 9.846 GC heap after
{Heap after GC invocations=186 (full 8):
 PSYoungGen      total 14336K, used 1856K [0x00000007eab00000, 0x00000007ebc80000, 0x0000000800000000)
  eden space 11264K, 0% used [0x00000007eab00000,0x00000007eab00000,0x00000007eb600000)
  from space 3072K, 60% used [0x00000007eb600000,0x00000007eb7d0000,0x00000007eb900000)
  to   space 2560K, 0% used [0x00000007eba00000,0x00000007eba00000,0x00000007ebc80000)
 ParOldGen       total 231936K, used 219690K [0x00000007c0000000, 0x00000007ce280000, 0x00000007eab00000)
  object space 231936K, 94% used [0x00000007c0000000,0x00000007cd68a900,0x00000007ce280000)
 Metaspace       used 68685K, committed 69824K, reserved 1114112K
  class space    used 7458K, committed 7936K, reserved 1048576K
}
Event: 9.865 GC heap before
{Heap before GC invocations=187 (full 8):
 PSYoungGen      total 14336K, used 13120K [0x00000007eab00000, 0x00000007ebc80000, 0x0000000800000000)
  eden space 11264K, 100% used [0x00000007eab00000,0x00000007eb600000,0x00000007eb600000)
  from space 3072K, 60% used [0x00000007eb600000,0x00000007eb7d0000,0x00000007eb900000)
  to   space 2560K, 0% used [0x00000007eba00000,0x00000007eba00000,0x00000007ebc80000)
 ParOldGen       total 231936K, used 219690K [0x00000007c0000000, 0x00000007ce280000, 0x00000007eab00000)
  object space 231936K, 94% used [0x00000007c0000000,0x00000007cd68a900,0x00000007ce280000)
 Metaspace       used 68685K, committed 69824K, reserved 1114112K
  class space    used 7458K, committed 7936K, reserved 1048576K
}
Event: 9.867 GC heap after
{Heap after GC invocations=187 (full 8):
 PSYoungGen      total 14336K, used 2560K [0x00000007eab00000, 0x00000007ebe80000, 0x0000000800000000)
  eden space 11776K, 0% used [0x00000007eab00000,0x00000007eab00000,0x00000007eb680000)
  from space 2560K, 100% used [0x00000007eba00000,0x00000007ebc80000,0x00000007ebc80000)
  to   space 3584K, 0% used [0x00000007eb680000,0x00000007eb680000,0x00000007eba00000)
 ParOldGen       total 231936K, used 220230K [0x00000007c0000000, 0x00000007ce280000, 0x00000007eab00000)
  object space 231936K, 94% used [0x00000007c0000000,0x00000007cd711b08,0x00000007ce280000)
 Metaspace       used 68685K, committed 69824K, reserved 1114112K
  class space    used 7458K, committed 7936K, reserved 1048576K
}
Event: 9.894 GC heap before
{Heap before GC invocations=188 (full 8):
 PSYoungGen      total 14336K, used 14336K [0x00000007eab00000, 0x00000007ebe80000, 0x0000000800000000)
  eden space 11776K, 100% used [0x00000007eab00000,0x00000007eb680000,0x00000007eb680000)
  from space 2560K, 100% used [0x00000007eba00000,0x00000007ebc80000,0x00000007ebc80000)
  to   space 3584K, 0% used [0x00000007eb680000,0x00000007eb680000,0x00000007eba00000)
 ParOldGen       total 231936K, used 220230K [0x00000007c0000000, 0x00000007ce280000, 0x00000007eab00000)
  object space 231936K, 94% used [0x00000007c0000000,0x00000007cd711b08,0x00000007ce280000)
 Metaspace       used 68685K, committed 69824K, reserved 1114112K
  class space    used 7458K, committed 7936K, reserved 1048576K
}
Event: 9.897 GC heap after
{Heap after GC invocations=188 (full 8):
 PSYoungGen      total 15360K, used 2240K [0x00000007eab00000, 0x00000007ebd00000, 0x0000000800000000)
  eden space 11776K, 0% used [0x00000007eab00000,0x00000007eab00000,0x00000007eb680000)
  from space 3584K, 62% used [0x00000007eb680000,0x00000007eb8b0008,0x00000007eba00000)
  to   space 2560K, 0% used [0x00000007eba80000,0x00000007eba80000,0x00000007ebd00000)
 ParOldGen       total 231936K, used 222835K [0x00000007c0000000, 0x00000007ce280000, 0x00000007eab00000)
  object space 231936K, 96% used [0x00000007c0000000,0x00000007cd99cd10,0x00000007ce280000)
 Metaspace       used 68685K, committed 69824K, reserved 1114112K
  class space    used 7458K, committed 7936K, reserved 1048576K
}
Event: 9.920 GC heap before
{Heap before GC invocations=189 (full 8):
 PSYoungGen      total 15360K, used 14016K [0x00000007eab00000, 0x00000007ebd00000, 0x0000000800000000)
  eden space 11776K, 100% used [0x00000007eab00000,0x00000007eb680000,0x00000007eb680000)
  from space 3584K, 62% used [0x00000007eb680000,0x00000007eb8b0008,0x00000007eba00000)
  to   space 2560K, 0% used [0x00000007eba80000,0x00000007eba80000,0x00000007ebd00000)
 ParOldGen       total 231936K, used 222835K [0x00000007c0000000, 0x00000007ce280000, 0x00000007eab00000)
  object space 231936K, 96% used [0x00000007c0000000,0x00000007cd99cd10,0x00000007ce280000)
 Metaspace       used 68685K, committed 69824K, reserved 1114112K
  class space    used 7458K, committed 7936K, reserved 1048576K
}
Event: 9.923 GC heap after
{Heap after GC invocations=189 (full 8):
 PSYoungGen      total 14848K, used 2528K [0x00000007eab00000, 0x00000007ebf00000, 0x0000000800000000)
  eden space 12288K, 0% used [0x00000007eab00000,0x00000007eab00000,0x00000007eb700000)
  from space 2560K, 98% used [0x00000007eba80000,0x00000007ebcf8008,0x00000007ebd00000)
  to   space 3584K, 0% used [0x00000007eb700000,0x00000007eb700000,0x00000007eba80000)
 ParOldGen       total 231936K, used 223672K [0x00000007c0000000, 0x00000007ce280000, 0x00000007eab00000)
  object space 231936K, 96% used [0x00000007c0000000,0x00000007cda6e328,0x00000007ce280000)
 Metaspace       used 68685K, committed 69824K, reserved 1114112K
  class space    used 7458K, committed 7936K, reserved 1048576K
}
Event: 9.943 GC heap before
{Heap before GC invocations=190 (full 8):
 PSYoungGen      total 14848K, used 14816K [0x00000007eab00000, 0x00000007ebf00000, 0x0000000800000000)
  eden space 12288K, 100% used [0x00000007eab00000,0x00000007eb700000,0x00000007eb700000)
  from space 2560K, 98% used [0x00000007eba80000,0x00000007ebcf8008,0x00000007ebd00000)
  to   space 3584K, 0% used [0x00000007eb700000,0x00000007eb700000,0x00000007eba80000)
 ParOldGen       total 231936K, used 223672K [0x00000007c0000000, 0x00000007ce280000, 0x00000007eab00000)
  object space 231936K, 96% used [0x00000007c0000000,0x00000007cda6e328,0x00000007ce280000)
 Metaspace       used 68685K, committed 69824K, reserved 1114112K
  class space    used 7458K, committed 7936K, reserved 1048576K
}
Event: 9.946 GC heap after
{Heap after GC invocations=190 (full 8):
 PSYoungGen      total 15872K, used 1376K [0x00000007eab00000, 0x00000007ebd80000, 0x0000000800000000)
  eden space 12288K, 0% used [0x00000007eab00000,0x00000007eab00000,0x00000007eb700000)
  from space 3584K, 38% used [0x00000007eb700000,0x00000007eb858000,0x00000007eba80000)
  to   space 2560K, 0% used [0x00000007ebb00000,0x00000007ebb00000,0x00000007ebd80000)
 ParOldGen       total 231936K, used 226232K [0x00000007c0000000, 0x00000007ce280000, 0x00000007eab00000)
  object space 231936K, 97% used [0x00000007c0000000,0x00000007cdcee330,0x00000007ce280000)
 Metaspace       used 68685K, committed 69824K, reserved 1114112K
  class space    used 7458K, committed 7936K, reserved 1048576K
}
Event: 9.967 GC heap before
{Heap before GC invocations=191 (full 8):
 PSYoungGen      total 15872K, used 13664K [0x00000007eab00000, 0x00000007ebd80000, 0x0000000800000000)
  eden space 12288K, 100% used [0x00000007eab00000,0x00000007eb700000,0x00000007eb700000)
  from space 3584K, 38% used [0x00000007eb700000,0x00000007eb858000,0x00000007eba80000)
  to   space 2560K, 0% used [0x00000007ebb00000,0x00000007ebb00000,0x00000007ebd80000)
 ParOldGen       total 231936K, used 226232K [0x00000007c0000000, 0x00000007ce280000, 0x00000007eab00000)
  object space 231936K, 97% used [0x00000007c0000000,0x00000007cdcee330,0x00000007ce280000)
 Metaspace       used 68686K, committed 69824K, reserved 1114112K
  class space    used 7458K, committed 7936K, reserved 1048576K
}
Event: 9.969 GC heap after
{Heap after GC invocations=191 (full 8):
 PSYoungGen      total 15872K, used 2540K [0x00000007eab00000, 0x00000007ebe80000, 0x0000000800000000)
  eden space 13312K, 0% used [0x00000007eab00000,0x00000007eab00000,0x00000007eb800000)
  from space 2560K, 99% used [0x00000007ebb00000,0x00000007ebd7b010,0x00000007ebd80000)
  to   space 3072K, 0% used [0x00000007eb800000,0x00000007eb800000,0x00000007ebb00000)
 ParOldGen       total 231936K, used 226232K [0x00000007c0000000, 0x00000007ce280000, 0x00000007eab00000)
  object space 231936K, 97% used [0x00000007c0000000,0x00000007cdcee330,0x00000007ce280000)
 Metaspace       used 68686K, committed 69824K, reserved 1114112K
  class space    used 7458K, committed 7936K, reserved 1048576K
}
Event: 9.992 GC heap before
{Heap before GC invocations=192 (full 8):
 PSYoungGen      total 15872K, used 15852K [0x00000007eab00000, 0x00000007ebe80000, 0x0000000800000000)
  eden space 13312K, 100% used [0x00000007eab00000,0x00000007eb800000,0x00000007eb800000)
  from space 2560K, 99% used [0x00000007ebb00000,0x00000007ebd7b010,0x00000007ebd80000)
  to   space 3072K, 0% used [0x00000007eb800000,0x00000007eb800000,0x00000007ebb00000)
 ParOldGen       total 231936K, used 226232K [0x00000007c0000000, 0x00000007ce280000, 0x00000007eab00000)
  object space 231936K, 97% used [0x00000007c0000000,0x00000007cdcee330,0x00000007ce280000)
 Metaspace       used 68686K, committed 69824K, reserved 1114112K
  class space    used 7458K, committed 7936K, reserved 1048576K
}
Event: 9.995 GC heap after
{Heap after GC invocations=192 (full 8):
 PSYoungGen      total 16384K, used 3052K [0x00000007eab00000, 0x00000007ec280000, 0x0000000800000000)
  eden space 13312K, 0% used [0x00000007eab00000,0x00000007eab00000,0x00000007eb800000)
  from space 3072K, 99% used [0x00000007eb800000,0x00000007ebafb010,0x00000007ebb00000)
  to   space 4608K, 0% used [0x00000007ebe00000,0x00000007ebe00000,0x00000007ec280000)
 ParOldGen       total 231936K, used 227088K [0x00000007c0000000, 0x00000007ce280000, 0x00000007eab00000)
  object space 231936K, 97% used [0x00000007c0000000,0x00000007cddc4330,0x00000007ce280000)
 Metaspace       used 68686K, committed 69824K, reserved 1114112K
  class space    used 7458K, committed 7936K, reserved 1048576K
}
Event: 10.016 GC heap before
{Heap before GC invocations=193 (full 8):
 PSYoungGen      total 16384K, used 16364K [0x00000007eab00000, 0x00000007ec280000, 0x0000000800000000)
  eden space 13312K, 100% used [0x00000007eab00000,0x00000007eb800000,0x00000007eb800000)
  from space 3072K, 99% used [0x00000007eb800000,0x00000007ebafb010,0x00000007ebb00000)
  to   space 4608K, 0% used [0x00000007ebe00000,0x00000007ebe00000,0x00000007ec280000)
 ParOldGen       total 231936K, used 227088K [0x00000007c0000000, 0x00000007ce280000, 0x00000007eab00000)
  object space 231936K, 97% used [0x00000007c0000000,0x00000007cddc4330,0x00000007ce280000)
 Metaspace       used 68686K, committed 69824K, reserved 1114112K
  class space    used 7458K, committed 7936K, reserved 1048576K
}
Event: 10.019 GC heap after
{Heap after GC invocations=193 (full 8):
 PSYoungGen      total 17408K, used 2080K [0x00000007eab00000, 0x00000007ec080000, 0x0000000800000000)
  eden space 14848K, 0% used [0x00000007eab00000,0x00000007eab00000,0x00000007eb980000)
  from space 2560K, 81% used [0x00000007ebe00000,0x00000007ec008000,0x00000007ec080000)
  to   space 3072K, 0% used [0x00000007eba80000,0x00000007eba80000,0x00000007ebd80000)
 ParOldGen       total 231936K, used 229532K [0x00000007c0000000, 0x00000007ce280000, 0x00000007eab00000)
  object space 231936K, 98% used [0x00000007c0000000,0x00000007ce027340,0x00000007ce280000)
 Metaspace       used 68686K, committed 69824K, reserved 1114112K
  class space    used 7458K, committed 7936K, reserved 1048576K
}
Event: 10.020 GC heap before
{Heap before GC invocations=194 (full 9):
 PSYoungGen      total 17408K, used 2080K [0x00000007eab00000, 0x00000007ec080000, 0x0000000800000000)
  eden space 14848K, 0% used [0x00000007eab00000,0x00000007eab00000,0x00000007eb980000)
  from space 2560K, 81% used [0x00000007ebe00000,0x00000007ec008000,0x00000007ec080000)
  to   space 3072K, 0% used [0x00000007eba80000,0x00000007eba80000,0x00000007ebd80000)
 ParOldGen       total 231936K, used 229532K [0x00000007c0000000, 0x00000007ce280000, 0x00000007eab00000)
  object space 231936K, 98% used [0x00000007c0000000,0x00000007ce027340,0x00000007ce280000)
 Metaspace       used 68686K, committed 69824K, reserved 1114112K
  class space    used 7458K, committed 7936K, reserved 1048576K
}

